2021-03-09 14:03:10,794 INFO org.apache.hadoop.yarn.server.resourcemanager.ResourceManager: STARTUP_MSG: 
/************************************************************
STARTUP_MSG: Starting ResourceManager
STARTUP_MSG:   host = DESKTOP-0SJ3T7I/192.168.43.249
STARTUP_MSG:   args = []
STARTUP_MSG:   version = 2.7.3
STARTUP_MSG:   classpath = C;C:\hadoop-2.7.3\hadoop-2.7.3\etc\hadoop;C;C:\hadoop-2.7.3\hadoop-2.7.3\etc\hadoop;C;C:\hadoop-2.7.3\hadoop-2.7.3\etc\hadoop;C;C:\hadoop-2.7.3\hadoop-2.7.3\share\hadoop\common\lib\activation-1.1.jar;C:\hadoop-2.7.3\hadoop-2.7.3\share\hadoop\common\lib\apacheds-i18n-2.0.0-M15.jar;C:\hadoop-2.7.3\hadoop-2.7.3\share\hadoop\common\lib\apacheds-kerberos-codec-2.0.0-M15.jar;C:\hadoop-2.7.3\hadoop-2.7.3\share\hadoop\common\lib\api-asn1-api-1.0.0-M20.jar;C:\hadoop-2.7.3\hadoop-2.7.3\share\hadoop\common\lib\api-util-1.0.0-M20.jar;C:\hadoop-2.7.3\hadoop-2.7.3\share\hadoop\common\lib\asm-3.2.jar;C:\hadoop-2.7.3\hadoop-2.7.3\share\hadoop\common\lib\avro-1.7.4.jar;C:\hadoop-2.7.3\hadoop-2.7.3\share\hadoop\common\lib\commons-beanutils-1.7.0.jar;C:\hadoop-2.7.3\hadoop-2.7.3\share\hadoop\common\lib\commons-beanutils-core-1.8.0.jar;C:\hadoop-2.7.3\hadoop-2.7.3\share\hadoop\common\lib\commons-cli-1.2.jar;C:\hadoop-2.7.3\hadoop-2.7.3\share\hadoop\common\lib\commons-codec-1.4.jar;C:\hadoop-2.7.3\hadoop-2.7.3\share\hadoop\common\lib\commons-collections-3.2.2.jar;C:\hadoop-2.7.3\hadoop-2.7.3\share\hadoop\common\lib\commons-compress-1.4.1.jar;C:\hadoop-2.7.3\hadoop-2.7.3\share\hadoop\common\lib\commons-configuration-1.6.jar;C:\hadoop-2.7.3\hadoop-2.7.3\share\hadoop\common\lib\commons-digester-1.8.jar;C:\hadoop-2.7.3\hadoop-2.7.3\share\hadoop\common\lib\commons-httpclient-3.1.jar;C:\hadoop-2.7.3\hadoop-2.7.3\share\hadoop\common\lib\commons-io-2.4.jar;C:\hadoop-2.7.3\hadoop-2.7.3\share\hadoop\common\lib\commons-lang-2.6.jar;C:\hadoop-2.7.3\hadoop-2.7.3\share\hadoop\common\lib\commons-logging-1.1.3.jar;C:\hadoop-2.7.3\hadoop-2.7.3\share\hadoop\common\lib\commons-math3-3.1.1.jar;C:\hadoop-2.7.3\hadoop-2.7.3\share\hadoop\common\lib\commons-net-3.1.jar;C:\hadoop-2.7.3\hadoop-2.7.3\share\hadoop\common\lib\curator-client-2.7.1.jar;C:\hadoop-2.7.3\hadoop-2.7.3\share\hadoop\common\lib\curator-framework-2.7.1.jar;C:\hadoop-2.7.3\hadoop-2.7.3\share\hadoop\common\lib\curator-recipes-2.7.1.jar;C:\hadoop-2.7.3\hadoop-2.7.3\share\hadoop\common\lib\gson-2.2.4.jar;C:\hadoop-2.7.3\hadoop-2.7.3\share\hadoop\common\lib\guava-11.0.2.jar;C:\hadoop-2.7.3\hadoop-2.7.3\share\hadoop\common\lib\hadoop-annotations-2.7.3.jar;C:\hadoop-2.7.3\hadoop-2.7.3\share\hadoop\common\lib\hadoop-auth-2.7.3.jar;C:\hadoop-2.7.3\hadoop-2.7.3\share\hadoop\common\lib\hamcrest-core-1.3.jar;C:\hadoop-2.7.3\hadoop-2.7.3\share\hadoop\common\lib\htrace-core-3.1.0-incubating.jar;C:\hadoop-2.7.3\hadoop-2.7.3\share\hadoop\common\lib\httpclient-4.2.5.jar;C:\hadoop-2.7.3\hadoop-2.7.3\share\hadoop\common\lib\httpcore-4.2.5.jar;C:\hadoop-2.7.3\hadoop-2.7.3\share\hadoop\common\lib\jackson-core-asl-1.9.13.jar;C:\hadoop-2.7.3\hadoop-2.7.3\share\hadoop\common\lib\jackson-jaxrs-1.9.13.jar;C:\hadoop-2.7.3\hadoop-2.7.3\share\hadoop\common\lib\jackson-mapper-asl-1.9.13.jar;C:\hadoop-2.7.3\hadoop-2.7.3\share\hadoop\common\lib\jackson-xc-1.9.13.jar;C:\hadoop-2.7.3\hadoop-2.7.3\share\hadoop\common\lib\java-xmlbuilder-0.4.jar;C:\hadoop-2.7.3\hadoop-2.7.3\share\hadoop\common\lib\jaxb-api-2.2.2.jar;C:\hadoop-2.7.3\hadoop-2.7.3\share\hadoop\common\lib\jaxb-impl-2.2.3-1.jar;C:\hadoop-2.7.3\hadoop-2.7.3\share\hadoop\common\lib\jersey-core-1.9.jar;C:\hadoop-2.7.3\hadoop-2.7.3\share\hadoop\common\lib\jersey-json-1.9.jar;C:\hadoop-2.7.3\hadoop-2.7.3\share\hadoop\common\lib\jersey-server-1.9.jar;C:\hadoop-2.7.3\hadoop-2.7.3\share\hadoop\common\lib\jets3t-0.9.0.jar;C:\hadoop-2.7.3\hadoop-2.7.3\share\hadoop\common\lib\jettison-1.1.jar;C:\hadoop-2.7.3\hadoop-2.7.3\share\hadoop\common\lib\jetty-6.1.26.jar;C:\hadoop-2.7.3\hadoop-2.7.3\share\hadoop\common\lib\jetty-util-6.1.26.jar;C:\hadoop-2.7.3\hadoop-2.7.3\share\hadoop\common\lib\jsch-0.1.42.jar;C:\hadoop-2.7.3\hadoop-2.7.3\share\hadoop\common\lib\jsp-api-2.1.jar;C:\hadoop-2.7.3\hadoop-2.7.3\share\hadoop\common\lib\jsr305-3.0.0.jar;C:\hadoop-2.7.3\hadoop-2.7.3\share\hadoop\common\lib\junit-4.11.jar;C:\hadoop-2.7.3\hadoop-2.7.3\share\hadoop\common\lib\log4j-1.2.17.jar;C:\hadoop-2.7.3\hadoop-2.7.3\share\hadoop\common\lib\mockito-all-1.8.5.jar;C:\hadoop-2.7.3\hadoop-2.7.3\share\hadoop\common\lib\netty-3.6.2.Final.jar;C:\hadoop-2.7.3\hadoop-2.7.3\share\hadoop\common\lib\paranamer-2.3.jar;C:\hadoop-2.7.3\hadoop-2.7.3\share\hadoop\common\lib\protobuf-java-2.5.0.jar;C:\hadoop-2.7.3\hadoop-2.7.3\share\hadoop\common\lib\servlet-api-2.5.jar;C:\hadoop-2.7.3\hadoop-2.7.3\share\hadoop\common\lib\slf4j-api-1.7.10.jar;C:\hadoop-2.7.3\hadoop-2.7.3\share\hadoop\common\lib\slf4j-log4j12-1.7.10.jar;C:\hadoop-2.7.3\hadoop-2.7.3\share\hadoop\common\lib\snappy-java-1.0.4.1.jar;C:\hadoop-2.7.3\hadoop-2.7.3\share\hadoop\common\lib\stax-api-1.0-2.jar;C:\hadoop-2.7.3\hadoop-2.7.3\share\hadoop\common\lib\xmlenc-0.52.jar;C:\hadoop-2.7.3\hadoop-2.7.3\share\hadoop\common\lib\xz-1.0.jar;C:\hadoop-2.7.3\hadoop-2.7.3\share\hadoop\common\lib\zookeeper-3.4.6.jar;C;C:\hadoop-2.7.3\hadoop-2.7.3\share\hadoop\common\hadoop-common-2.7.3-tests.jar;C:\hadoop-2.7.3\hadoop-2.7.3\share\hadoop\common\hadoop-common-2.7.3.jar;C:\hadoop-2.7.3\hadoop-2.7.3\share\hadoop\common\hadoop-nfs-2.7.3.jar;C;C:\hadoop-2.7.3\hadoop-2.7.3\share\hadoop\hdfs;C;C:\hadoop-2.7.3\hadoop-2.7.3\share\hadoop\hdfs\lib\asm-3.2.jar;C:\hadoop-2.7.3\hadoop-2.7.3\share\hadoop\hdfs\lib\commons-cli-1.2.jar;C:\hadoop-2.7.3\hadoop-2.7.3\share\hadoop\hdfs\lib\commons-codec-1.4.jar;C:\hadoop-2.7.3\hadoop-2.7.3\share\hadoop\hdfs\lib\commons-daemon-1.0.13.jar;C:\hadoop-2.7.3\hadoop-2.7.3\share\hadoop\hdfs\lib\commons-io-2.4.jar;C:\hadoop-2.7.3\hadoop-2.7.3\share\hadoop\hdfs\lib\commons-lang-2.6.jar;C:\hadoop-2.7.3\hadoop-2.7.3\share\hadoop\hdfs\lib\commons-logging-1.1.3.jar;C:\hadoop-2.7.3\hadoop-2.7.3\share\hadoop\hdfs\lib\guava-11.0.2.jar;C:\hadoop-2.7.3\hadoop-2.7.3\share\hadoop\hdfs\lib\htrace-core-3.1.0-incubating.jar;C:\hadoop-2.7.3\hadoop-2.7.3\share\hadoop\hdfs\lib\jackson-core-asl-1.9.13.jar;C:\hadoop-2.7.3\hadoop-2.7.3\share\hadoop\hdfs\lib\jackson-mapper-asl-1.9.13.jar;C:\hadoop-2.7.3\hadoop-2.7.3\share\hadoop\hdfs\lib\jersey-core-1.9.jar;C:\hadoop-2.7.3\hadoop-2.7.3\share\hadoop\hdfs\lib\jersey-server-1.9.jar;C:\hadoop-2.7.3\hadoop-2.7.3\share\hadoop\hdfs\lib\jetty-6.1.26.jar;C:\hadoop-2.7.3\hadoop-2.7.3\share\hadoop\hdfs\lib\jetty-util-6.1.26.jar;C:\hadoop-2.7.3\hadoop-2.7.3\share\hadoop\hdfs\lib\jsr305-3.0.0.jar;C:\hadoop-2.7.3\hadoop-2.7.3\share\hadoop\hdfs\lib\leveldbjni-all-1.8.jar;C:\hadoop-2.7.3\hadoop-2.7.3\share\hadoop\hdfs\lib\log4j-1.2.17.jar;C:\hadoop-2.7.3\hadoop-2.7.3\share\hadoop\hdfs\lib\netty-3.6.2.Final.jar;C:\hadoop-2.7.3\hadoop-2.7.3\share\hadoop\hdfs\lib\netty-all-4.0.23.Final.jar;C:\hadoop-2.7.3\hadoop-2.7.3\share\hadoop\hdfs\lib\protobuf-java-2.5.0.jar;C:\hadoop-2.7.3\hadoop-2.7.3\share\hadoop\hdfs\lib\servlet-api-2.5.jar;C:\hadoop-2.7.3\hadoop-2.7.3\share\hadoop\hdfs\lib\xercesImpl-2.9.1.jar;C:\hadoop-2.7.3\hadoop-2.7.3\share\hadoop\hdfs\lib\xml-apis-1.3.04.jar;C:\hadoop-2.7.3\hadoop-2.7.3\share\hadoop\hdfs\lib\xmlenc-0.52.jar;C;C:\hadoop-2.7.3\hadoop-2.7.3\share\hadoop\hdfs\hadoop-hdfs-2.7.3-tests.jar;C:\hadoop-2.7.3\hadoop-2.7.3\share\hadoop\hdfs\hadoop-hdfs-2.7.3.jar;C:\hadoop-2.7.3\hadoop-2.7.3\share\hadoop\hdfs\hadoop-hdfs-nfs-2.7.3.jar;C:\hadoop-2.7.3\hadoop-2.7.3\share\hadoop\yarn\lib\activation-1.1.jar;C:\hadoop-2.7.3\hadoop-2.7.3\share\hadoop\yarn\lib\aopalliance-1.0.jar;C:\hadoop-2.7.3\hadoop-2.7.3\share\hadoop\yarn\lib\asm-3.2.jar;C:\hadoop-2.7.3\hadoop-2.7.3\share\hadoop\yarn\lib\commons-cli-1.2.jar;C:\hadoop-2.7.3\hadoop-2.7.3\share\hadoop\yarn\lib\commons-codec-1.4.jar;C:\hadoop-2.7.3\hadoop-2.7.3\share\hadoop\yarn\lib\commons-collections-3.2.2.jar;C:\hadoop-2.7.3\hadoop-2.7.3\share\hadoop\yarn\lib\commons-compress-1.4.1.jar;C:\hadoop-2.7.3\hadoop-2.7.3\share\hadoop\yarn\lib\commons-io-2.4.jar;C:\hadoop-2.7.3\hadoop-2.7.3\share\hadoop\yarn\lib\commons-lang-2.6.jar;C:\hadoop-2.7.3\hadoop-2.7.3\share\hadoop\yarn\lib\commons-logging-1.1.3.jar;C:\hadoop-2.7.3\hadoop-2.7.3\share\hadoop\yarn\lib\guava-11.0.2.jar;C:\hadoop-2.7.3\hadoop-2.7.3\share\hadoop\yarn\lib\guice-3.0.jar;C:\hadoop-2.7.3\hadoop-2.7.3\share\hadoop\yarn\lib\guice-servlet-3.0.jar;C:\hadoop-2.7.3\hadoop-2.7.3\share\hadoop\yarn\lib\jackson-core-asl-1.9.13.jar;C:\hadoop-2.7.3\hadoop-2.7.3\share\hadoop\yarn\lib\jackson-jaxrs-1.9.13.jar;C:\hadoop-2.7.3\hadoop-2.7.3\share\hadoop\yarn\lib\jackson-mapper-asl-1.9.13.jar;C:\hadoop-2.7.3\hadoop-2.7.3\share\hadoop\yarn\lib\jackson-xc-1.9.13.jar;C:\hadoop-2.7.3\hadoop-2.7.3\share\hadoop\yarn\lib\javax.inject-1.jar;C:\hadoop-2.7.3\hadoop-2.7.3\share\hadoop\yarn\lib\jaxb-api-2.2.2.jar;C:\hadoop-2.7.3\hadoop-2.7.3\share\hadoop\yarn\lib\jaxb-impl-2.2.3-1.jar;C:\hadoop-2.7.3\hadoop-2.7.3\share\hadoop\yarn\lib\jersey-client-1.9.jar;C:\hadoop-2.7.3\hadoop-2.7.3\share\hadoop\yarn\lib\jersey-core-1.9.jar;C:\hadoop-2.7.3\hadoop-2.7.3\share\hadoop\yarn\lib\jersey-guice-1.9.jar;C:\hadoop-2.7.3\hadoop-2.7.3\share\hadoop\yarn\lib\jersey-json-1.9.jar;C:\hadoop-2.7.3\hadoop-2.7.3\share\hadoop\yarn\lib\jersey-server-1.9.jar;C:\hadoop-2.7.3\hadoop-2.7.3\share\hadoop\yarn\lib\jettison-1.1.jar;C:\hadoop-2.7.3\hadoop-2.7.3\share\hadoop\yarn\lib\jetty-6.1.26.jar;C:\hadoop-2.7.3\hadoop-2.7.3\share\hadoop\yarn\lib\jetty-util-6.1.26.jar;C:\hadoop-2.7.3\hadoop-2.7.3\share\hadoop\yarn\lib\jsr305-3.0.0.jar;C:\hadoop-2.7.3\hadoop-2.7.3\share\hadoop\yarn\lib\leveldbjni-all-1.8.jar;C:\hadoop-2.7.3\hadoop-2.7.3\share\hadoop\yarn\lib\log4j-1.2.17.jar;C:\hadoop-2.7.3\hadoop-2.7.3\share\hadoop\yarn\lib\netty-3.6.2.Final.jar;C:\hadoop-2.7.3\hadoop-2.7.3\share\hadoop\yarn\lib\protobuf-java-2.5.0.jar;C:\hadoop-2.7.3\hadoop-2.7.3\share\hadoop\yarn\lib\servlet-api-2.5.jar;C:\hadoop-2.7.3\hadoop-2.7.3\share\hadoop\yarn\lib\stax-api-1.0-2.jar;C:\hadoop-2.7.3\hadoop-2.7.3\share\hadoop\yarn\lib\xz-1.0.jar;C:\hadoop-2.7.3\hadoop-2.7.3\share\hadoop\yarn\lib\zookeeper-3.4.6-tests.jar;C:\hadoop-2.7.3\hadoop-2.7.3\share\hadoop\yarn\lib\zookeeper-3.4.6.jar;C:\hadoop-2.7.3\hadoop-2.7.3\share\hadoop\yarn\hadoop-yarn-api-2.7.3.jar;C:\hadoop-2.7.3\hadoop-2.7.3\share\hadoop\yarn\hadoop-yarn-applications-distributedshell-2.7.3.jar;C:\hadoop-2.7.3\hadoop-2.7.3\share\hadoop\yarn\hadoop-yarn-applications-unmanaged-am-launcher-2.7.3.jar;C:\hadoop-2.7.3\hadoop-2.7.3\share\hadoop\yarn\hadoop-yarn-client-2.7.3.jar;C:\hadoop-2.7.3\hadoop-2.7.3\share\hadoop\yarn\hadoop-yarn-common-2.7.3.jar;C:\hadoop-2.7.3\hadoop-2.7.3\share\hadoop\yarn\hadoop-yarn-registry-2.7.3.jar;C:\hadoop-2.7.3\hadoop-2.7.3\share\hadoop\yarn\hadoop-yarn-server-applicationhistoryservice-2.7.3.jar;C:\hadoop-2.7.3\hadoop-2.7.3\share\hadoop\yarn\hadoop-yarn-server-common-2.7.3.jar;C:\hadoop-2.7.3\hadoop-2.7.3\share\hadoop\yarn\hadoop-yarn-server-nodemanager-2.7.3.jar;C:\hadoop-2.7.3\hadoop-2.7.3\share\hadoop\yarn\hadoop-yarn-server-resourcemanager-2.7.3.jar;C:\hadoop-2.7.3\hadoop-2.7.3\share\hadoop\yarn\hadoop-yarn-server-sharedcachemanager-2.7.3.jar;C:\hadoop-2.7.3\hadoop-2.7.3\share\hadoop\yarn\hadoop-yarn-server-tests-2.7.3.jar;C:\hadoop-2.7.3\hadoop-2.7.3\share\hadoop\yarn\hadoop-yarn-server-web-proxy-2.7.3.jar;C;C:\hadoop-2.7.3\hadoop-2.7.3\share\hadoop\mapreduce\lib\aopalliance-1.0.jar;C:\hadoop-2.7.3\hadoop-2.7.3\share\hadoop\mapreduce\lib\asm-3.2.jar;C:\hadoop-2.7.3\hadoop-2.7.3\share\hadoop\mapreduce\lib\avro-1.7.4.jar;C:\hadoop-2.7.3\hadoop-2.7.3\share\hadoop\mapreduce\lib\commons-compress-1.4.1.jar;C:\hadoop-2.7.3\hadoop-2.7.3\share\hadoop\mapreduce\lib\commons-io-2.4.jar;C:\hadoop-2.7.3\hadoop-2.7.3\share\hadoop\mapreduce\lib\guice-3.0.jar;C:\hadoop-2.7.3\hadoop-2.7.3\share\hadoop\mapreduce\lib\guice-servlet-3.0.jar;C:\hadoop-2.7.3\hadoop-2.7.3\share\hadoop\mapreduce\lib\hadoop-annotations-2.7.3.jar;C:\hadoop-2.7.3\hadoop-2.7.3\share\hadoop\mapreduce\lib\hamcrest-core-1.3.jar;C:\hadoop-2.7.3\hadoop-2.7.3\share\hadoop\mapreduce\lib\jackson-core-asl-1.9.13.jar;C:\hadoop-2.7.3\hadoop-2.7.3\share\hadoop\mapreduce\lib\jackson-mapper-asl-1.9.13.jar;C:\hadoop-2.7.3\hadoop-2.7.3\share\hadoop\mapreduce\lib\javax.inject-1.jar;C:\hadoop-2.7.3\hadoop-2.7.3\share\hadoop\mapreduce\lib\jersey-core-1.9.jar;C:\hadoop-2.7.3\hadoop-2.7.3\share\hadoop\mapreduce\lib\jersey-guice-1.9.jar;C:\hadoop-2.7.3\hadoop-2.7.3\share\hadoop\mapreduce\lib\jersey-server-1.9.jar;C:\hadoop-2.7.3\hadoop-2.7.3\share\hadoop\mapreduce\lib\junit-4.11.jar;C:\hadoop-2.7.3\hadoop-2.7.3\share\hadoop\mapreduce\lib\leveldbjni-all-1.8.jar;C:\hadoop-2.7.3\hadoop-2.7.3\share\hadoop\mapreduce\lib\log4j-1.2.17.jar;C:\hadoop-2.7.3\hadoop-2.7.3\share\hadoop\mapreduce\lib\netty-3.6.2.Final.jar;C:\hadoop-2.7.3\hadoop-2.7.3\share\hadoop\mapreduce\lib\paranamer-2.3.jar;C:\hadoop-2.7.3\hadoop-2.7.3\share\hadoop\mapreduce\lib\protobuf-java-2.5.0.jar;C:\hadoop-2.7.3\hadoop-2.7.3\share\hadoop\mapreduce\lib\snappy-java-1.0.4.1.jar;C:\hadoop-2.7.3\hadoop-2.7.3\share\hadoop\mapreduce\lib\xz-1.0.jar;C;C:\hadoop-2.7.3\hadoop-2.7.3\share\hadoop\mapreduce\hadoop-mapreduce-client-app-2.7.3.jar;C:\hadoop-2.7.3\hadoop-2.7.3\share\hadoop\mapreduce\hadoop-mapreduce-client-common-2.7.3.jar;C:\hadoop-2.7.3\hadoop-2.7.3\share\hadoop\mapreduce\hadoop-mapreduce-client-core-2.7.3.jar;C:\hadoop-2.7.3\hadoop-2.7.3\share\hadoop\mapreduce\hadoop-mapreduce-client-hs-2.7.3.jar;C:\hadoop-2.7.3\hadoop-2.7.3\share\hadoop\mapreduce\hadoop-mapreduce-client-hs-plugins-2.7.3.jar;C:\hadoop-2.7.3\hadoop-2.7.3\share\hadoop\mapreduce\hadoop-mapreduce-client-jobclient-2.7.3-tests.jar;C:\hadoop-2.7.3\hadoop-2.7.3\share\hadoop\mapreduce\hadoop-mapreduce-client-jobclient-2.7.3.jar;C:\hadoop-2.7.3\hadoop-2.7.3\share\hadoop\mapreduce\hadoop-mapreduce-client-shuffle-2.7.3.jar;C:\hadoop-2.7.3\hadoop-2.7.3\share\hadoop\mapreduce\hadoop-mapreduce-examples-2.7.3.jar;C;C:\hadoop-2.7.3\hadoop-2.7.3\contrib\capacity-scheduler\*.jar;C;C:\hadoop-2.7.3\hadoop-2.7.3\contrib\capacity-scheduler\*.jar;C;C:\hadoop-2.7.3\hadoop-2.7.3\contrib\capacity-scheduler\*.jar;C;C:\hadoop-2.7.3\hadoop-2.7.3\contrib\capacity-scheduler\*.jar;C:\hadoop-2.7.3\hadoop-2.7.3\share\hadoop\yarn\hadoop-yarn-api-2.7.3.jar;C:\hadoop-2.7.3\hadoop-2.7.3\share\hadoop\yarn\hadoop-yarn-applications-distributedshell-2.7.3.jar;C:\hadoop-2.7.3\hadoop-2.7.3\share\hadoop\yarn\hadoop-yarn-applications-unmanaged-am-launcher-2.7.3.jar;C:\hadoop-2.7.3\hadoop-2.7.3\share\hadoop\yarn\hadoop-yarn-client-2.7.3.jar;C:\hadoop-2.7.3\hadoop-2.7.3\share\hadoop\yarn\hadoop-yarn-common-2.7.3.jar;C:\hadoop-2.7.3\hadoop-2.7.3\share\hadoop\yarn\hadoop-yarn-registry-2.7.3.jar;C:\hadoop-2.7.3\hadoop-2.7.3\share\hadoop\yarn\hadoop-yarn-server-applicationhistoryservice-2.7.3.jar;C:\hadoop-2.7.3\hadoop-2.7.3\share\hadoop\yarn\hadoop-yarn-server-common-2.7.3.jar;C:\hadoop-2.7.3\hadoop-2.7.3\share\hadoop\yarn\hadoop-yarn-server-nodemanager-2.7.3.jar;C:\hadoop-2.7.3\hadoop-2.7.3\share\hadoop\yarn\hadoop-yarn-server-resourcemanager-2.7.3.jar;C:\hadoop-2.7.3\hadoop-2.7.3\share\hadoop\yarn\hadoop-yarn-server-sharedcachemanager-2.7.3.jar;C:\hadoop-2.7.3\hadoop-2.7.3\share\hadoop\yarn\hadoop-yarn-server-tests-2.7.3.jar;C:\hadoop-2.7.3\hadoop-2.7.3\share\hadoop\yarn\hadoop-yarn-server-web-proxy-2.7.3.jar;C:\hadoop-2.7.3\hadoop-2.7.3\share\hadoop\yarn\lib\activation-1.1.jar;C:\hadoop-2.7.3\hadoop-2.7.3\share\hadoop\yarn\lib\aopalliance-1.0.jar;C:\hadoop-2.7.3\hadoop-2.7.3\share\hadoop\yarn\lib\asm-3.2.jar;C:\hadoop-2.7.3\hadoop-2.7.3\share\hadoop\yarn\lib\commons-cli-1.2.jar;C:\hadoop-2.7.3\hadoop-2.7.3\share\hadoop\yarn\lib\commons-codec-1.4.jar;C:\hadoop-2.7.3\hadoop-2.7.3\share\hadoop\yarn\lib\commons-collections-3.2.2.jar;C:\hadoop-2.7.3\hadoop-2.7.3\share\hadoop\yarn\lib\commons-compress-1.4.1.jar;C:\hadoop-2.7.3\hadoop-2.7.3\share\hadoop\yarn\lib\commons-io-2.4.jar;C:\hadoop-2.7.3\hadoop-2.7.3\share\hadoop\yarn\lib\commons-lang-2.6.jar;C:\hadoop-2.7.3\hadoop-2.7.3\share\hadoop\yarn\lib\commons-logging-1.1.3.jar;C:\hadoop-2.7.3\hadoop-2.7.3\share\hadoop\yarn\lib\guava-11.0.2.jar;C:\hadoop-2.7.3\hadoop-2.7.3\share\hadoop\yarn\lib\guice-3.0.jar;C:\hadoop-2.7.3\hadoop-2.7.3\share\hadoop\yarn\lib\guice-servlet-3.0.jar;C:\hadoop-2.7.3\hadoop-2.7.3\share\hadoop\yarn\lib\jackson-core-asl-1.9.13.jar;C:\hadoop-2.7.3\hadoop-2.7.3\share\hadoop\yarn\lib\jackson-jaxrs-1.9.13.jar;C:\hadoop-2.7.3\hadoop-2.7.3\share\hadoop\yarn\lib\jackson-mapper-asl-1.9.13.jar;C:\hadoop-2.7.3\hadoop-2.7.3\share\hadoop\yarn\lib\jackson-xc-1.9.13.jar;C:\hadoop-2.7.3\hadoop-2.7.3\share\hadoop\yarn\lib\javax.inject-1.jar;C:\hadoop-2.7.3\hadoop-2.7.3\share\hadoop\yarn\lib\jaxb-api-2.2.2.jar;C:\hadoop-2.7.3\hadoop-2.7.3\share\hadoop\yarn\lib\jaxb-impl-2.2.3-1.jar;C:\hadoop-2.7.3\hadoop-2.7.3\share\hadoop\yarn\lib\jersey-client-1.9.jar;C:\hadoop-2.7.3\hadoop-2.7.3\share\hadoop\yarn\lib\jersey-core-1.9.jar;C:\hadoop-2.7.3\hadoop-2.7.3\share\hadoop\yarn\lib\jersey-guice-1.9.jar;C:\hadoop-2.7.3\hadoop-2.7.3\share\hadoop\yarn\lib\jersey-json-1.9.jar;C:\hadoop-2.7.3\hadoop-2.7.3\share\hadoop\yarn\lib\jersey-server-1.9.jar;C:\hadoop-2.7.3\hadoop-2.7.3\share\hadoop\yarn\lib\jettison-1.1.jar;C:\hadoop-2.7.3\hadoop-2.7.3\share\hadoop\yarn\lib\jetty-6.1.26.jar;C:\hadoop-2.7.3\hadoop-2.7.3\share\hadoop\yarn\lib\jetty-util-6.1.26.jar;C:\hadoop-2.7.3\hadoop-2.7.3\share\hadoop\yarn\lib\jsr305-3.0.0.jar;C:\hadoop-2.7.3\hadoop-2.7.3\share\hadoop\yarn\lib\leveldbjni-all-1.8.jar;C:\hadoop-2.7.3\hadoop-2.7.3\share\hadoop\yarn\lib\log4j-1.2.17.jar;C:\hadoop-2.7.3\hadoop-2.7.3\share\hadoop\yarn\lib\netty-3.6.2.Final.jar;C:\hadoop-2.7.3\hadoop-2.7.3\share\hadoop\yarn\lib\protobuf-java-2.5.0.jar;C:\hadoop-2.7.3\hadoop-2.7.3\share\hadoop\yarn\lib\servlet-api-2.5.jar;C:\hadoop-2.7.3\hadoop-2.7.3\share\hadoop\yarn\lib\stax-api-1.0-2.jar;C:\hadoop-2.7.3\hadoop-2.7.3\share\hadoop\yarn\lib\xz-1.0.jar;C:\hadoop-2.7.3\hadoop-2.7.3\share\hadoop\yarn\lib\zookeeper-3.4.6-tests.jar;C:\hadoop-2.7.3\hadoop-2.7.3\share\hadoop\yarn\lib\zookeeper-3.4.6.jar;C;C:\hadoop-2.7.3\hadoop-2.7.3\etc\hadoop\rm-config\log4j.properties
STARTUP_MSG:   build = https://git-wip-us.apache.org/repos/asf/hadoop.git -r baa91f7c6bc9cb92be5982de4719c1c8af91ccff; compiled by 'root' on 2016-08-18T01:41Z
STARTUP_MSG:   java = 1.8.0_281
************************************************************/
2021-03-09 14:03:11,763 INFO org.apache.hadoop.conf.Configuration: found resource core-site.xml at file:/C:/hadoop-2.7.3/hadoop-2.7.3/etc/hadoop/core-site.xml
2021-03-09 14:03:11,935 WARN org.apache.hadoop.util.NativeCodeLoader: Unable to load native-hadoop library for your platform... using builtin-java classes where applicable
2021-03-09 14:03:12,055 INFO org.apache.hadoop.security.Groups: clearing userToGroupsMap cache
2021-03-09 14:03:12,330 INFO org.apache.hadoop.conf.Configuration: found resource yarn-site.xml at file:/C:/hadoop-2.7.3/hadoop-2.7.3/etc/hadoop/yarn-site.xml
2021-03-09 14:03:13,352 INFO org.apache.hadoop.yarn.event.AsyncDispatcher: Registering class org.apache.hadoop.yarn.server.resourcemanager.RMFatalEventType for class org.apache.hadoop.yarn.server.resourcemanager.ResourceManager$RMFatalEventDispatcher
2021-03-09 14:03:17,735 INFO org.apache.hadoop.yarn.server.resourcemanager.security.NMTokenSecretManagerInRM: NMTokenKeyRollingInterval: 86400000ms and NMTokenKeyActivationDelay: 900000ms
2021-03-09 14:03:17,744 INFO org.apache.hadoop.yarn.server.resourcemanager.security.RMContainerTokenSecretManager: ContainerTokenKeyRollingInterval: 86400000ms and ContainerTokenKeyActivationDelay: 900000ms
2021-03-09 14:03:17,760 INFO org.apache.hadoop.yarn.server.resourcemanager.security.AMRMTokenSecretManager: AMRMTokenKeyRollingInterval: 86400000ms and AMRMTokenKeyActivationDelay: 900000 ms
2021-03-09 14:03:17,874 INFO org.apache.hadoop.yarn.event.AsyncDispatcher: Registering class org.apache.hadoop.yarn.server.resourcemanager.recovery.RMStateStoreEventType for class org.apache.hadoop.yarn.server.resourcemanager.recovery.RMStateStore$ForwardingEventHandler
2021-03-09 14:03:17,879 INFO org.apache.hadoop.yarn.event.AsyncDispatcher: Registering class org.apache.hadoop.yarn.server.resourcemanager.NodesListManagerEventType for class org.apache.hadoop.yarn.server.resourcemanager.NodesListManager
2021-03-09 14:03:17,879 INFO org.apache.hadoop.yarn.server.resourcemanager.ResourceManager: Using Scheduler: org.apache.hadoop.yarn.server.resourcemanager.scheduler.capacity.CapacityScheduler
2021-03-09 14:03:17,926 INFO org.apache.hadoop.yarn.event.AsyncDispatcher: Registering class org.apache.hadoop.yarn.server.resourcemanager.scheduler.event.SchedulerEventType for class org.apache.hadoop.yarn.server.resourcemanager.ResourceManager$SchedulerEventDispatcher
2021-03-09 14:03:17,929 INFO org.apache.hadoop.yarn.event.AsyncDispatcher: Registering class org.apache.hadoop.yarn.server.resourcemanager.rmapp.RMAppEventType for class org.apache.hadoop.yarn.server.resourcemanager.ResourceManager$ApplicationEventDispatcher
2021-03-09 14:03:17,931 INFO org.apache.hadoop.yarn.event.AsyncDispatcher: Registering class org.apache.hadoop.yarn.server.resourcemanager.rmapp.attempt.RMAppAttemptEventType for class org.apache.hadoop.yarn.server.resourcemanager.ResourceManager$ApplicationAttemptEventDispatcher
2021-03-09 14:03:17,934 INFO org.apache.hadoop.yarn.event.AsyncDispatcher: Registering class org.apache.hadoop.yarn.server.resourcemanager.rmnode.RMNodeEventType for class org.apache.hadoop.yarn.server.resourcemanager.ResourceManager$NodeEventDispatcher
2021-03-09 14:03:18,176 INFO org.apache.hadoop.metrics2.impl.MetricsConfig: loaded properties from hadoop-metrics2.properties
2021-03-09 14:03:18,409 INFO org.apache.hadoop.metrics2.impl.MetricsSystemImpl: Scheduled snapshot period at 10 second(s).
2021-03-09 14:03:18,409 INFO org.apache.hadoop.metrics2.impl.MetricsSystemImpl: ResourceManager metrics system started
2021-03-09 14:03:18,482 INFO org.apache.hadoop.yarn.event.AsyncDispatcher: Registering class org.apache.hadoop.yarn.server.resourcemanager.RMAppManagerEventType for class org.apache.hadoop.yarn.server.resourcemanager.RMAppManager
2021-03-09 14:03:18,511 INFO org.apache.hadoop.yarn.event.AsyncDispatcher: Registering class org.apache.hadoop.yarn.server.resourcemanager.amlauncher.AMLauncherEventType for class org.apache.hadoop.yarn.server.resourcemanager.amlauncher.ApplicationMasterLauncher
2021-03-09 14:03:18,518 INFO org.apache.hadoop.yarn.server.resourcemanager.RMNMInfo: Registered RMNMInfo MBean
2021-03-09 14:03:18,562 INFO org.apache.hadoop.yarn.security.YarnAuthorizationProvider: org.apache.hadoop.yarn.security.ConfiguredYarnAuthorizer is instiantiated.
2021-03-09 14:03:18,564 INFO org.apache.hadoop.util.HostsFileReader: Refreshing hosts (include/exclude) list
2021-03-09 14:03:18,567 INFO org.apache.hadoop.conf.Configuration: found resource capacity-scheduler.xml at file:/C:/hadoop-2.7.3/hadoop-2.7.3/etc/hadoop/capacity-scheduler.xml
2021-03-09 14:03:18,750 INFO org.apache.hadoop.yarn.server.resourcemanager.scheduler.capacity.CapacitySchedulerConfiguration: max alloc mb per queue for root is undefined
2021-03-09 14:03:18,750 INFO org.apache.hadoop.yarn.server.resourcemanager.scheduler.capacity.CapacitySchedulerConfiguration: max alloc vcore per queue for root is undefined
2021-03-09 14:03:18,774 INFO org.apache.hadoop.yarn.server.resourcemanager.scheduler.capacity.ParentQueue: root, capacity=1.0, asboluteCapacity=1.0, maxCapacity=1.0, asboluteMaxCapacity=1.0, state=RUNNING, acls=SUBMIT_APP:*ADMINISTER_QUEUE:*, labels=*,
, reservationsContinueLooking=true
2021-03-09 14:03:18,774 INFO org.apache.hadoop.yarn.server.resourcemanager.scheduler.capacity.ParentQueue: Initialized parent-queue root name=root, fullname=root
2021-03-09 14:03:18,792 INFO org.apache.hadoop.yarn.server.resourcemanager.scheduler.capacity.CapacitySchedulerConfiguration: max alloc mb per queue for root.default is undefined
2021-03-09 14:03:18,792 INFO org.apache.hadoop.yarn.server.resourcemanager.scheduler.capacity.CapacitySchedulerConfiguration: max alloc vcore per queue for root.default is undefined
2021-03-09 14:03:18,795 INFO org.apache.hadoop.yarn.server.resourcemanager.scheduler.capacity.LeafQueue: Initializing default
capacity = 1.0 [= (float) configuredCapacity / 100 ]
asboluteCapacity = 1.0 [= parentAbsoluteCapacity * capacity ]
maxCapacity = 1.0 [= configuredMaxCapacity ]
absoluteMaxCapacity = 1.0 [= 1.0 maximumCapacity undefined, (parentAbsoluteMaxCapacity * maximumCapacity) / 100 otherwise ]
userLimit = 100 [= configuredUserLimit ]
userLimitFactor = 1.0 [= configuredUserLimitFactor ]
maxApplications = 10000 [= configuredMaximumSystemApplicationsPerQueue or (int)(configuredMaximumSystemApplications * absoluteCapacity)]
maxApplicationsPerUser = 10000 [= (int)(maxApplications * (userLimit / 100.0f) * userLimitFactor) ]
usedCapacity = 0.0 [= usedResourcesMemory / (clusterResourceMemory * absoluteCapacity)]
absoluteUsedCapacity = 0.0 [= usedResourcesMemory / clusterResourceMemory]
maxAMResourcePerQueuePercent = 0.1 [= configuredMaximumAMResourcePercent ]
minimumAllocationFactor = 0.875 [= (float)(maximumAllocationMemory - minimumAllocationMemory) / maximumAllocationMemory ]
maximumAllocation = <memory:8192, vCores:32> [= configuredMaxAllocation ]
numContainers = 0 [= currentNumContainers ]
state = RUNNING [= configuredState ]
acls = SUBMIT_APP:*ADMINISTER_QUEUE:* [= configuredAcls ]
nodeLocalityDelay = 40
labels=*,
nodeLocalityDelay = 40
reservationsContinueLooking = true
preemptionDisabled = true

2021-03-09 14:03:18,796 INFO org.apache.hadoop.yarn.server.resourcemanager.scheduler.capacity.CapacityScheduler: Initialized queue: default: capacity=1.0, absoluteCapacity=1.0, usedResources=<memory:0, vCores:0>, usedCapacity=0.0, absoluteUsedCapacity=0.0, numApps=0, numContainers=0
2021-03-09 14:03:18,797 INFO org.apache.hadoop.yarn.server.resourcemanager.scheduler.capacity.CapacityScheduler: Initialized queue: root: numChildQueue= 1, capacity=1.0, absoluteCapacity=1.0, usedResources=<memory:0, vCores:0>usedCapacity=0.0, numApps=0, numContainers=0
2021-03-09 14:03:18,800 INFO org.apache.hadoop.yarn.server.resourcemanager.scheduler.capacity.CapacityScheduler: Initialized root queue root: numChildQueue= 1, capacity=1.0, absoluteCapacity=1.0, usedResources=<memory:0, vCores:0>usedCapacity=0.0, numApps=0, numContainers=0
2021-03-09 14:03:18,800 INFO org.apache.hadoop.yarn.server.resourcemanager.scheduler.capacity.CapacityScheduler: Initialized queue mappings, override: false
2021-03-09 14:03:18,800 INFO org.apache.hadoop.yarn.server.resourcemanager.scheduler.capacity.CapacityScheduler: Initialized CapacityScheduler with calculator=class org.apache.hadoop.yarn.util.resource.DefaultResourceCalculator, minimumAllocation=<<memory:1024, vCores:1>>, maximumAllocation=<<memory:8192, vCores:32>>, asynchronousScheduling=false, asyncScheduleInterval=5ms
2021-03-09 14:03:18,853 INFO org.apache.hadoop.yarn.server.resourcemanager.metrics.SystemMetricsPublisher: YARN system metrics publishing service is not enabled
2021-03-09 14:03:18,853 INFO org.apache.hadoop.yarn.server.resourcemanager.ResourceManager: Transitioning to active state
2021-03-09 14:03:18,985 INFO org.apache.hadoop.yarn.server.resourcemanager.recovery.RMStateStore: Updating AMRMToken
2021-03-09 14:03:18,985 INFO org.apache.hadoop.yarn.server.resourcemanager.security.RMContainerTokenSecretManager: Rolling master-key for container-tokens
2021-03-09 14:03:18,985 INFO org.apache.hadoop.yarn.server.resourcemanager.security.NMTokenSecretManagerInRM: Rolling master-key for nm-tokens
2021-03-09 14:03:18,986 INFO org.apache.hadoop.security.token.delegation.AbstractDelegationTokenSecretManager: Updating the current master key for generating delegation tokens
2021-03-09 14:03:18,990 INFO org.apache.hadoop.yarn.server.resourcemanager.security.RMDelegationTokenSecretManager: storing master key with keyID 1
2021-03-09 14:03:18,990 INFO org.apache.hadoop.yarn.server.resourcemanager.recovery.RMStateStore: Storing RMDTMasterKey.
2021-03-09 14:03:19,003 INFO org.apache.hadoop.yarn.event.AsyncDispatcher: Registering class org.apache.hadoop.yarn.nodelabels.event.NodeLabelsStoreEventType for class org.apache.hadoop.yarn.nodelabels.CommonNodeLabelsManager$ForwardingEventHandler
2021-03-09 14:03:19,037 INFO org.apache.hadoop.security.token.delegation.AbstractDelegationTokenSecretManager: Starting expired delegation token remover thread, tokenRemoverScanInterval=60 min(s)
2021-03-09 14:03:19,037 INFO org.apache.hadoop.security.token.delegation.AbstractDelegationTokenSecretManager: Updating the current master key for generating delegation tokens
2021-03-09 14:03:19,046 INFO org.apache.hadoop.yarn.server.resourcemanager.security.RMDelegationTokenSecretManager: storing master key with keyID 2
2021-03-09 14:03:19,046 INFO org.apache.hadoop.yarn.server.resourcemanager.recovery.RMStateStore: Storing RMDTMasterKey.
2021-03-09 14:03:19,150 INFO org.apache.hadoop.ipc.CallQueueManager: Using callQueue class java.util.concurrent.LinkedBlockingQueue
2021-03-09 14:03:19,213 INFO org.apache.hadoop.ipc.Server: Starting Socket Reader #1 for port 8031
2021-03-09 14:03:19,254 INFO org.apache.hadoop.yarn.factories.impl.pb.RpcServerFactoryPBImpl: Adding protocol org.apache.hadoop.yarn.server.api.ResourceTrackerPB to the server
2021-03-09 14:03:19,255 INFO org.apache.hadoop.ipc.Server: IPC Server listener on 8031: starting
2021-03-09 14:03:19,254 INFO org.apache.hadoop.ipc.Server: IPC Server Responder: starting
2021-03-09 14:03:19,326 INFO org.apache.hadoop.ipc.CallQueueManager: Using callQueue class java.util.concurrent.LinkedBlockingQueue
2021-03-09 14:03:19,347 INFO org.apache.hadoop.ipc.Server: Starting Socket Reader #1 for port 8030
2021-03-09 14:03:19,393 INFO org.apache.hadoop.yarn.factories.impl.pb.RpcServerFactoryPBImpl: Adding protocol org.apache.hadoop.yarn.api.ApplicationMasterProtocolPB to the server
2021-03-09 14:03:19,395 INFO org.apache.hadoop.ipc.Server: IPC Server Responder: starting
2021-03-09 14:03:19,398 INFO org.apache.hadoop.ipc.Server: IPC Server listener on 8030: starting
2021-03-09 14:03:19,642 INFO org.apache.hadoop.ipc.CallQueueManager: Using callQueue class java.util.concurrent.LinkedBlockingQueue
2021-03-09 14:03:19,647 INFO org.apache.hadoop.ipc.Server: Starting Socket Reader #1 for port 8032
2021-03-09 14:03:19,653 INFO org.apache.hadoop.yarn.factories.impl.pb.RpcServerFactoryPBImpl: Adding protocol org.apache.hadoop.yarn.api.ApplicationClientProtocolPB to the server
2021-03-09 14:03:19,658 INFO org.apache.hadoop.ipc.Server: IPC Server Responder: starting
2021-03-09 14:03:19,666 INFO org.apache.hadoop.ipc.Server: IPC Server listener on 8032: starting
2021-03-09 14:03:19,678 INFO org.apache.hadoop.yarn.server.resourcemanager.ResourceManager: Transitioned to active state
2021-03-09 14:03:19,934 INFO org.mortbay.log: Logging to org.slf4j.impl.Log4jLoggerAdapter(org.mortbay.log) via org.mortbay.log.Slf4jLog
2021-03-09 14:03:19,952 INFO org.apache.hadoop.security.authentication.server.AuthenticationFilter: Unable to initialize FileSignerSecretProvider, falling back to use random secrets.
2021-03-09 14:03:19,966 INFO org.apache.hadoop.http.HttpRequestLog: Http request log for http.requests.resourcemanager is not defined
2021-03-09 14:03:19,985 INFO org.apache.hadoop.http.HttpServer2: Added global filter 'safety' (class=org.apache.hadoop.http.HttpServer2$QuotingInputFilter)
2021-03-09 14:03:19,991 INFO org.apache.hadoop.http.HttpServer2: Added filter RMAuthenticationFilter (class=org.apache.hadoop.yarn.server.security.http.RMAuthenticationFilter) to context cluster
2021-03-09 14:03:19,992 INFO org.apache.hadoop.http.HttpServer2: Added filter RMAuthenticationFilter (class=org.apache.hadoop.yarn.server.security.http.RMAuthenticationFilter) to context static
2021-03-09 14:03:19,992 INFO org.apache.hadoop.http.HttpServer2: Added filter RMAuthenticationFilter (class=org.apache.hadoop.yarn.server.security.http.RMAuthenticationFilter) to context logs
2021-03-09 14:03:19,993 INFO org.apache.hadoop.http.HttpServer2: Added filter static_user_filter (class=org.apache.hadoop.http.lib.StaticUserWebFilter$StaticUserFilter) to context cluster
2021-03-09 14:03:19,993 INFO org.apache.hadoop.http.HttpServer2: Added filter static_user_filter (class=org.apache.hadoop.http.lib.StaticUserWebFilter$StaticUserFilter) to context static
2021-03-09 14:03:19,993 INFO org.apache.hadoop.http.HttpServer2: Added filter static_user_filter (class=org.apache.hadoop.http.lib.StaticUserWebFilter$StaticUserFilter) to context logs
2021-03-09 14:03:20,001 INFO org.apache.hadoop.http.HttpServer2: adding path spec: /cluster/*
2021-03-09 14:03:20,002 INFO org.apache.hadoop.http.HttpServer2: adding path spec: /ws/*
2021-03-09 14:03:21,039 INFO org.apache.hadoop.yarn.webapp.WebApps: Registered webapp guice modules
2021-03-09 14:03:21,044 INFO org.apache.hadoop.http.HttpServer2: Jetty bound to port 8088
2021-03-09 14:03:21,044 INFO org.mortbay.log: jetty-6.1.26
2021-03-09 14:03:21,110 INFO org.mortbay.log: Extract jar:file:/C:/hadoop-2.7.3/hadoop-2.7.3/share/hadoop/yarn/hadoop-yarn-common-2.7.3.jar!/webapps/cluster to C:\cygwin64\tmp\Jetty_0_0_0_0_8088_cluster____u0rgz3\webapp
2021-03-09 14:03:21,615 INFO org.apache.hadoop.security.token.delegation.AbstractDelegationTokenSecretManager: Updating the current master key for generating delegation tokens
2021-03-09 14:03:21,619 INFO org.apache.hadoop.security.token.delegation.AbstractDelegationTokenSecretManager: Starting expired delegation token remover thread, tokenRemoverScanInterval=60 min(s)
2021-03-09 14:03:21,619 INFO org.apache.hadoop.security.token.delegation.AbstractDelegationTokenSecretManager: Updating the current master key for generating delegation tokens
2021-03-09 14:03:24,939 INFO org.mortbay.log: Started HttpServer2$SelectChannelConnectorWithSafeStartup@0.0.0.0:8088
2021-03-09 14:03:24,939 INFO org.apache.hadoop.yarn.webapp.WebApps: Web app cluster started at 8088
2021-03-09 14:03:25,006 INFO org.apache.hadoop.ipc.CallQueueManager: Using callQueue class java.util.concurrent.LinkedBlockingQueue
2021-03-09 14:03:25,010 INFO org.apache.hadoop.ipc.Server: Starting Socket Reader #1 for port 8033
2021-03-09 14:03:25,014 INFO org.apache.hadoop.yarn.factories.impl.pb.RpcServerFactoryPBImpl: Adding protocol org.apache.hadoop.yarn.server.api.ResourceManagerAdministrationProtocolPB to the server
2021-03-09 14:03:25,018 INFO org.apache.hadoop.ipc.Server: IPC Server Responder: starting
2021-03-09 14:03:25,019 INFO org.apache.hadoop.ipc.Server: IPC Server listener on 8033: starting
